<?xml version="1.0" encoding="UTF-8"?>
<coverage generated="1771363142137" clover="3.2.0">
  <project timestamp="1771363142137" name="All files">
    <metrics statements="27" coveredstatements="27" conditionals="11" coveredconditionals="11" methods="4" coveredmethods="4" elements="42" coveredelements="42" complexity="0" loc="27" ncloc="27" packages="1" files="2" classes="2"/>
    <file name="org-scope.guard.ts" path="/Users/femisowemimo/Documents/GitHub/secure-task-manage-backend-api/libs/auth/src/lib/org-scope.guard.ts">
      <metrics statements="15" coveredstatements="15" conditionals="9" coveredconditionals="9" methods="2" coveredmethods="2"/>
      <line num="2" count="1" type="stmt"/>
      <line num="3" count="1" type="stmt"/>
      <line num="6" count="1" type="stmt"/>
      <line num="9" count="6" type="stmt"/>
      <line num="13" count="5" type="stmt"/>
      <line num="14" count="5" type="stmt"/>
      <line num="17" count="5" type="cond" truecount="3" falsecount="0"/>
      <line num="19" count="5" type="cond" truecount="2" falsecount="0"/>
      <line num="20" count="1" type="stmt"/>
      <line num="23" count="4" type="cond" truecount="2" falsecount="0"/>
      <line num="26" count="1" type="stmt"/>
      <line num="29" count="3" type="stmt"/>
      <line num="30" count="3" type="cond" truecount="2" falsecount="0"/>
      <line num="31" count="1" type="stmt"/>
      <line num="34" count="2" type="stmt"/>
    </file>
    <file name="roles.guard.ts" path="/Users/femisowemimo/Documents/GitHub/secure-task-manage-backend-api/libs/auth/src/lib/roles.guard.ts">
      <metrics statements="12" coveredstatements="12" conditionals="2" coveredconditionals="2" methods="2" coveredmethods="2"/>
      <line num="2" count="1" type="stmt"/>
      <line num="4" count="1" type="stmt"/>
      <line num="6" count="1" type="stmt"/>
      <line num="9" count="1" type="stmt"/>
      <line num="11" count="4" type="stmt"/>
      <line num="12" count="4" type="stmt"/>
      <line num="16" count="3" type="stmt"/>
      <line num="17" count="3" type="cond" truecount="2" falsecount="0"/>
      <line num="18" count="1" type="stmt"/>
      <line num="20" count="2" type="stmt"/>
      <line num="21" count="2" type="stmt"/>
      <line num="24" count="2" type="stmt"/>
    </file>
  </project>
</coverage>
