{"/Users/femisowemimo/Documents/GitHub/secure-task-manage-backend-api/libs/auth/src/lib/org-scope.guard.ts": {"path":"/Users/femisowemimo/Documents/GitHub/secure-task-manage-backend-api/libs/auth/src/lib/org-scope.guard.ts","statementMap":{"0":{"start":{"line":2,"column":0},"end":{"line":2,"column":103}},"1":{"start":{"line":3,"column":0},"end":{"line":3,"column":54}},"2":{"start":{"line":6,"column":7},"end":{"line":36,"column":null}},"3":{"start":{"line":9,"column":25},"end":{"line":9,"column":42}},"4":{"start":{"line":13,"column":24},"end":{"line":13,"column":59}},"5":{"start":{"line":14,"column":21},"end":{"line":14,"column":33}},"6":{"start":{"line":17,"column":22},"end":{"line":17,"column":99}},"7":{"start":{"line":19,"column":8},"end":{"line":21,"column":9}},"8":{"start":{"line":20,"column":12},"end":{"line":20,"column":67}},"9":{"start":{"line":23,"column":8},"end":{"line":27,"column":9}},"10":{"start":{"line":26,"column":12},"end":{"line":26,"column":24}},"11":{"start":{"line":29,"column":31},"end":{"line":29,"column":92}},"12":{"start":{"line":30,"column":8},"end":{"line":32,"column":9}},"13":{"start":{"line":31,"column":12},"end":{"line":31,"column":88}},"14":{"start":{"line":34,"column":8},"end":{"line":34,"column":20}},"15":{"start":{"line":6,"column":13},"end":{"line":6,"column":35}},"16":{"start":{"line":6,"column":13},"end":{"line":36,"column":null}}},"fnMap":{"0":{"name":"(anonymous_4)","decl":{"start":{"line":7,"column":4},"end":{"line":7,"column":null}},"loc":{"start":{"line":9,"column":57},"end":{"line":10,"column":9}}},"1":{"name":"(anonymous_5)","decl":{"start":{"line":12,"column":4},"end":{"line":12,"column":9}},"loc":{"start":{"line":12,"column":47},"end":{"line":35,"column":5}}}},"branchMap":{"0":{"loc":{"start":{"line":17,"column":22},"end":{"line":17,"column":99}},"type":"binary-expr","locations":[{"start":{"line":17,"column":22},"end":{"line":17,"column":43}},{"start":{"line":17,"column":47},"end":{"line":17,"column":75}},{"start":{"line":17,"column":79},"end":{"line":17,"column":99}}]},"1":{"loc":{"start":{"line":19,"column":8},"end":{"line":21,"column":9}},"type":"if","locations":[{"start":{"line":19,"column":8},"end":{"line":21,"column":9}},{"start":{},"end":{}}]},"2":{"loc":{"start":{"line":23,"column":8},"end":{"line":27,"column":9}},"type":"if","locations":[{"start":{"line":23,"column":8},"end":{"line":27,"column":9}},{"start":{},"end":{}}]},"3":{"loc":{"start":{"line":30,"column":8},"end":{"line":32,"column":9}},"type":"if","locations":[{"start":{"line":30,"column":8},"end":{"line":32,"column":9}},{"start":{},"end":{}}]}},"s":{"0":1,"1":1,"2":1,"3":6,"4":5,"5":5,"6":5,"7":5,"8":1,"9":4,"10":1,"11":3,"12":3,"13":1,"14":2,"15":1,"16":1},"f":{"0":6,"1":5},"b":{"0":[5,4,3],"1":[1,4],"2":[1,3],"3":[1,2]}}
,"/Users/femisowemimo/Documents/GitHub/secure-task-manage-backend-api/libs/auth/src/lib/roles.guard.ts": {"path":"/Users/femisowemimo/Documents/GitHub/secure-task-manage-backend-api/libs/auth/src/lib/roles.guard.ts","statementMap":{"0":{"start":{"line":2,"column":0},"end":{"line":2,"column":52}},"1":{"start":{"line":4,"column":0},"end":{"line":4,"column":41}},"2":{"start":{"line":6,"column":0},"end":{"line":6,"column":45}},"3":{"start":{"line":9,"column":7},"end":{"line":26,"column":null}},"4":{"start":{"line":11,"column":35},"end":{"line":11,"column":46}},"5":{"start":{"line":12,"column":37},"end":{"line":12,"column":50}},"6":{"start":{"line":16,"column":30},"end":{"line":16,"column":91}},"7":{"start":{"line":17,"column":8},"end":{"line":19,"column":9}},"8":{"start":{"line":18,"column":12},"end":{"line":18,"column":24}},"9":{"start":{"line":20,"column":24},"end":{"line":20,"column":59}},"10":{"start":{"line":21,"column":21},"end":{"line":21,"column":33}},"11":{"start":{"line":24,"column":8},"end":{"line":24,"column":74}},"12":{"start":{"line":9,"column":13},"end":{"line":9,"column":23}},"13":{"start":{"line":9,"column":13},"end":{"line":26,"column":null}}},"fnMap":{"0":{"name":"(anonymous_4)","decl":{"start":{"line":10,"column":4},"end":{"line":10,"column":null}},"loc":{"start":{"line":12,"column":61},"end":{"line":13,"column":9}}},"1":{"name":"(anonymous_5)","decl":{"start":{"line":15,"column":4},"end":{"line":15,"column":15}},"loc":{"start":{"line":15,"column":41},"end":{"line":25,"column":5}}}},"branchMap":{"0":{"loc":{"start":{"line":17,"column":8},"end":{"line":19,"column":9}},"type":"if","locations":[{"start":{"line":17,"column":8},"end":{"line":19,"column":9}},{"start":{},"end":{}}]}},"s":{"0":1,"1":1,"2":1,"3":1,"4":4,"5":4,"6":3,"7":3,"8":1,"9":2,"10":2,"11":2,"12":1,"13":1},"f":{"0":4,"1":3},"b":{"0":[1,2]}}
}
