TN:
SF:libs/auth/src/lib/org-scope.guard.ts
FN:7,(anonymous_4)
FN:12,(anonymous_5)
FNF:2
FNH:2
FNDA:6,(anonymous_4)
FNDA:5,(anonymous_5)
DA:2,1
DA:3,1
DA:6,1
DA:9,6
DA:13,5
DA:14,5
DA:17,5
DA:19,5
DA:20,1
DA:23,4
DA:26,1
DA:29,3
DA:30,3
DA:31,1
DA:34,2
LF:15
LH:15
BRDA:17,0,0,5
BRDA:17,0,1,4
BRDA:17,0,2,3
BRDA:19,1,0,1
BRDA:19,1,1,4
BRDA:23,2,0,1
BRDA:23,2,1,3
BRDA:30,3,0,1
BRDA:30,3,1,2
BRF:9
BRH:9
end_of_record
TN:
SF:libs/auth/src/lib/roles.guard.ts
FN:10,(anonymous_4)
FN:15,(anonymous_5)
FNF:2
FNH:2
FNDA:4,(anonymous_4)
FNDA:3,(anonymous_5)
DA:2,1
DA:4,1
DA:6,1
DA:9,1
DA:11,4
DA:12,4
DA:16,3
DA:17,3
DA:18,1
DA:20,2
DA:21,2
DA:24,2
LF:12
LH:12
BRDA:17,0,0,1
BRDA:17,0,1,2
BRF:2
BRH:2
end_of_record
